============================= test session starts ==============================
platform linux -- Python 3.12.3, pytest-9.0.3, pluggy-1.6.0 -- /home/sanjay/Projects/DakBabu/.venv/bin/python
cachedir: .pytest_cache
rootdir: /home/sanjay/Projects/DakBabu
collecting ... collected 61 items

tests/test_email_formatter.py::test_format_email_html_basic PASSED       [  1%]
tests/test_email_formatter.py::test_format_email_html_placeholders PASSED [  3%]
tests/test_email_formatter.py::test_format_email_html_escaping PASSED    [  4%]
tests/test_email_formatter.py::test_format_email_html_empty PASSED       [  6%]
tests/test_email_sender.py::test_test_connection_success PASSED          [  8%]
tests/test_email_sender.py::test_test_connection_auth_failure PASSED     [  9%]
tests/test_email_sender.py::test_test_connection_network_error PASSED    [ 11%]
tests/test_email_sender.py::test_send_email_success PASSED               [ 13%]
tests/test_email_sender.py::test_send_email_missing_attachment PASSED    [ 14%]
tests/test_email_sender.py::test_send_email_auth_failure PASSED          [ 16%]
tests/test_excel_reader.py::TestReadRecipients::test_valid_file_with_name_and_email PASSED [ 18%]
tests/test_excel_reader.py::TestReadRecipients::test_missing_email_column_returns_error PASSED [ 19%]
tests/test_excel_reader.py::TestReadRecipients::test_invalid_email_format_marked_failed PASSED [ 21%]
tests/test_excel_reader.py::TestReadRecipients::test_duplicate_emails_warning_with_count PASSED [ 22%]
tests/test_excel_reader.py::TestReadRecipients::test_empty_rows_skipped PASSED [ 24%]
tests/test_excel_reader.py::TestReadRecipients::test_case_insensitive_header_matching PASSED [ 26%]
tests/test_excel_reader.py::TestReadRecipients::test_extra_columns_preserved_in_extra_fields PASSED [ 27%]
tests/test_excel_reader.py::TestReadRecipients::test_file_not_found_returns_error PASSED [ 29%]
tests/test_excel_reader.py::TestReadRecipients::test_empty_file_returns_error PASSED [ 31%]
tests/test_excel_reader.py::TestReadRecipients::test_large_recipient_list_warning PASSED [ 32%]
tests/test_excel_reader.py::TestReadRecipients::test_mixed_case_email_column PASSED [ 34%]
tests/test_excel_reader.py::TestGetColumnNames::test_returns_column_names PASSED [ 36%]
tests/test_excel_reader.py::TestGetColumnNames::test_missing_file_returns_error PASSED [ 37%]
tests/test_excel_reader.py::TestGetDuplicateEmails::test_no_duplicates PASSED [ 39%]
tests/test_excel_reader.py::TestGetDuplicateEmails::test_detects_duplicates_case_insensitive PASSED [ 40%]
tests/test_pdf_converter.py::test_convert_docx_to_pdf_success PASSED     [ 42%]
tests/test_pdf_converter.py::test_convert_docx_to_pdf_missing_file PASSED [ 44%]
tests/test_pdf_converter.py::test_convert_docx_to_pdf_conversion_failure PASSED [ 45%]
tests/test_pdf_converter.py::test_managed_pdf_conversion PASSED          [ 47%]
tests/test_smtp_config.py::test_gmail_domain PASSED                      [ 49%]
tests/test_smtp_config.py::test_outlook_domain PASSED                    [ 50%]
tests/test_smtp_config.py::test_yahoo_domain PASSED                      [ 52%]
tests/test_smtp_config.py::test_unknown_domain PASSED                    [ 54%]
tests/test_smtp_config.py::test_invalid_email PASSED                     [ 55%]
tests/test_template_engine.py::TestScanPlaceholders::test_finds_all_placeholders PASSED [ 57%]
tests/test_template_engine.py::TestScanPlaceholders::test_case_insensitive_matching PASSED [ 59%]
tests/test_template_engine.py::TestScanPlaceholders::test_multiple_occurrences_counted_once PASSED [ 60%]
tests/test_template_engine.py::TestScanPlaceholders::test_no_placeholders_returns_empty PASSED [ 62%]
tests/test_template_engine.py::TestScanPlaceholders::test_empty_string_returns_empty PASSED [ 63%]
tests/test_template_engine.py::TestScanPlaceholders::test_strips_whitespace_in_placeholder PASSED [ 65%]
tests/test_template_engine.py::TestCrossValidatePlaceholders::test_all_placeholders_have_columns PASSED [ 67%]
tests/test_template_engine.py::TestCrossValidatePlaceholders::test_missing_columns_produce_errors PASSED [ 68%]
tests/test_template_engine.py::TestCrossValidatePlaceholders::test_unused_columns_no_error PASSED [ 70%]
tests/test_template_engine.py::TestCrossValidatePlaceholders::test_email_column_excluded_from_placeholders PASSED [ 72%]
tests/test_template_engine.py::TestCrossValidatePlaceholders::test_empty_placeholders_always_valid PASSED [ 73%]
tests/test_template_engine.py::TestReplacePlaceholders::test_replaces_all_occurrences PASSED [ 75%]
tests/test_template_engine.py::TestReplacePlaceholders::test_case_insensitive_replacement PASSED [ 77%]
tests/test_template_engine.py::TestReplacePlaceholders::test_multiple_different_placeholders PASSED [ 78%]
tests/test_template_engine.py::TestReplacePlaceholders::test_unmatched_placeholders_left_as_is PASSED [ 80%]
tests/test_template_engine.py::TestScanDocxPlaceholders::test_finds_placeholders_in_paragraphs PASSED [ 81%]
tests/test_template_engine.py::TestScanDocxPlaceholders::test_handles_split_runs PASSED [ 83%]
tests/test_template_engine.py::TestScanDocxPlaceholders::test_invalid_file_returns_error PASSED [ 85%]
tests/test_template_engine.py::TestScanDocxPlaceholders::test_file_not_found_returns_error PASSED [ 86%]
tests/test_template_engine.py::TestScanDocxPlaceholders::test_finds_placeholders_in_tables PASSED [ 88%]
tests/test_template_engine.py::TestGeneratePersonalizedDocx::test_replaces_placeholders_in_output PASSED [ 90%]
tests/test_template_engine.py::TestGeneratePersonalizedDocx::test_multiple_occurrences_all_replaced PASSED [ 91%]
tests/test_template_engine.py::TestGeneratePersonalizedDocx::test_split_runs_handled PASSED [ 93%]
tests/test_template_engine.py::TestGeneratePersonalizedDocx::test_invalid_template_returns_error PASSED [ 95%]
tests/test_word_checker.py::test_check_word_installed_success PASSED     [ 96%]
tests/test_word_checker.py::test_check_word_installed_dispatch_failure PASSED [ 98%]
tests/test_word_checker.py::test_check_word_installed_import_error PASSED [100%]

============================== 61 passed in 0.72s ==============================
